<?xml version="1.0" encoding="UTF-8"?>
<!-- Generated by org.testng.reporters.JUnitXMLReporter -->
<testsuite ignored="0" hostname="DESKTOP-IUVOT87" failures="0" tests="9" name="Test" time="0.145" errors="0" timestamp="2022-12-14T17:28:07 IST">
  <testcase classname="com.sportsocial.Testing3" name="test1" time="0.023"/>
  <testcase classname="com.sportsocial.Testing3" name="test2" time="0.002"/>
  <testcase classname="com.sportsocial.Testing3" name="test3" time="0.002"/>
  <testcase classname="com.sportsocial.Testing2" name="test1" time="0.002"/>
  <testcase classname="com.sportsocial.Testing2" name="test2" time="0.004"/>
  <testcase classname="com.sportsocial.Testing2" name="test3" time="0.003"/>
  <testcase classname="com.sportsocial.Testing1" name="test1" time="0.003"/>
  <testcase classname="com.sportsocial.Testing1" name="test2" time="0.004"/>
  <testcase classname="com.sportsocial.Testing1" name="test3" time="0.005"/>
</testsuite> <!-- Test -->
