<?xml version="1.0" encoding="UTF-8"?>
<!-- Generated by org.testng.reporters.JUnitXMLReporter -->
<testsuite ignored="0" hostname="DESKTOP-HGOMU4C" failures="0" tests="6" name="Test2" time="13.261" errors="0" timestamp="2022-12-16T12:54:25 IST">
  <testcase classname="com.sportsocial.Testing2" name="test1" time="0.025"/>
  <testcase classname="com.sportsocial.Testing1" name="test1" time="0.004"/>
  <testcase classname="com.sportsocial.Testing2" name="test2" time="0.001"/>
  <testcase classname="com.sportsocial.Testing1" name="test2" time="0.009"/>
  <testcase classname="com.sportsocial.Testing2" name="test3" time="0.005"/>
  <testcase classname="com.sportsocial.Testing1" name="test3" time="0.005"/>
</testsuite> <!-- Test2 -->
