<?xml version="1.0" encoding="UTF-8"?>
<testng-results ignored="0" total="1" passed="1" failed="0" skipped="0">
  <reporter-output>
  </reporter-output>
  <suite started-at="2022-12-19T12:11:03 IST" name="Default suite" finished-at="2022-12-19T12:11:12 IST" duration-ms="8701">
    <groups>
    </groups>
    <test started-at="2022-12-19T12:11:03 IST" name="Default test" finished-at="2022-12-19T12:11:12 IST" duration-ms="8701">
      <class name="com.sportsocial.Homemodule.AddStatusTest">
        <test-method is-config="true" signature="OpenApllication()[pri:0, instance:com.sportsocial.Homemodule.AddStatusTest@b62d79]" started-at="2022-12-19T12:11:03 IST" name="OpenApllication" finished-at="2022-12-19T12:11:09 IST" duration-ms="6030" status="PASS">
          <reporter-output>
          </reporter-output>
        </test-method> <!-- OpenApllication -->
        <test-method is-config="true" signature="LogintoApp()[pri:0, instance:com.sportsocial.Homemodule.AddStatusTest@b62d79]" started-at="2022-12-19T12:11:10 IST" name="LogintoApp" finished-at="2022-12-19T12:11:11 IST" duration-ms="1191" status="PASS">
          <reporter-output>
          </reporter-output>
        </test-method> <!-- LogintoApp -->
        <test-method signature="addStatusWithPhoto()[pri:0, instance:com.sportsocial.Homemodule.AddStatusTest@b62d79]" started-at="2022-12-19T12:11:11 IST" name="addStatusWithPhoto" finished-at="2022-12-19T12:11:12 IST" duration-ms="943" status="PASS">
          <reporter-output>
          </reporter-output>
        </test-method> <!-- addStatusWithPhoto -->
        <test-method is-config="true" signature="LogoutAppl()[pri:0, instance:com.sportsocial.Homemodule.AddStatusTest@b62d79]" started-at="2022-12-19T12:11:12 IST" name="LogoutAppl" finished-at="2022-12-19T12:11:12 IST" duration-ms="95" status="PASS">
          <reporter-output>
          </reporter-output>
        </test-method> <!-- LogoutAppl -->
        <test-method is-config="true" signature="closetheApplication()[pri:0, instance:com.sportsocial.Homemodule.AddStatusTest@b62d79]" started-at="2022-12-19T12:11:12 IST" name="closetheApplication" finished-at="2022-12-19T12:11:12 IST" duration-ms="338" status="PASS">
          <reporter-output>
          </reporter-output>
        </test-method> <!-- closetheApplication -->
      </class> <!-- com.sportsocial.Homemodule.AddStatusTest -->
    </test> <!-- Default test -->
  </suite> <!-- Default suite -->
</testng-results>
